Determining if the pthread_create exist failed with the following output:
Change Dir: /home/mech-user/jisyupro_ws/build/catkin_tools_prebuild/CMakeFiles/CMakeTmp

Run Build Command:"/usr/bin/make" "cmTC_8320e/fast"
/usr/bin/make -f CMakeFiles/cmTC_8320e.dir/build.make CMakeFiles/cmTC_8320e.dir/build
make[1]: ディレクトリ '/home/mech-user/jisyupro_ws/build/catkin_tools_prebuild/CMakeFiles/CMakeTmp' に入ります
Building C object CMakeFiles/cmTC_8320e.dir/CheckSymbolExists.c.o
/usr/bin/cc    -o CMakeFiles/cmTC_8320e.dir/CheckSymbolExists.c.o   -c /home/mech-user/jisyupro_ws/build/catkin_tools_prebuild/CMakeFiles/CMakeTmp/CheckSymbolExists.c
Linking C executable cmTC_8320e
/usr/bin/cmake -E cmake_link_script CMakeFiles/cmTC_8320e.dir/link.txt --verbose=1
/usr/bin/cc      -rdynamic CMakeFiles/cmTC_8320e.dir/CheckSymbolExists.c.o  -o cmTC_8320e 
CMakeFiles/cmTC_8320e.dir/CheckSymbolExists.c.o: 関数 `main' 内:
CheckSymbolExists.c:(.text+0x1b): `pthread_create' に対する定義されていない参照です
collect2: error: ld returned 1 exit status
CMakeFiles/cmTC_8320e.dir/build.make:97: recipe for target 'cmTC_8320e' failed
make[1]: *** [cmTC_8320e] Error 1
make[1]: ディレクトリ '/home/mech-user/jisyupro_ws/build/catkin_tools_prebuild/CMakeFiles/CMakeTmp' から出ます
Makefile:126: recipe for target 'cmTC_8320e/fast' failed
make: *** [cmTC_8320e/fast] Error 2

File /home/mech-user/jisyupro_ws/build/catkin_tools_prebuild/CMakeFiles/CMakeTmp/CheckSymbolExists.c:
/* */
#include <pthread.h>

int main(int argc, char** argv)
{
  (void)argv;
#ifndef pthread_create
  return ((int*)(&pthread_create))[argc];
#else
  (void)argc;
  return 0;
#endif
}

Determining if the function pthread_create exists in the pthreads failed with the following output:
Change Dir: /home/mech-user/jisyupro_ws/build/catkin_tools_prebuild/CMakeFiles/CMakeTmp

Run Build Command:"/usr/bin/make" "cmTC_1e23a/fast"
/usr/bin/make -f CMakeFiles/cmTC_1e23a.dir/build.make CMakeFiles/cmTC_1e23a.dir/build
make[1]: ディレクトリ '/home/mech-user/jisyupro_ws/build/catkin_tools_prebuild/CMakeFiles/CMakeTmp' に入ります
Building C object CMakeFiles/cmTC_1e23a.dir/CheckFunctionExists.c.o
/usr/bin/cc   -DCHECK_FUNCTION_EXISTS=pthread_create   -o CMakeFiles/cmTC_1e23a.dir/CheckFunctionExists.c.o   -c /usr/share/cmake-3.10/Modules/CheckFunctionExists.c
Linking C executable cmTC_1e23a
/usr/bin/cmake -E cmake_link_script CMakeFiles/cmTC_1e23a.dir/link.txt --verbose=1
/usr/bin/cc  -DCHECK_FUNCTION_EXISTS=pthread_create    -rdynamic CMakeFiles/cmTC_1e23a.dir/CheckFunctionExists.c.o  -o cmTC_1e23a -lpthreads 
/usr/bin/ld: -lpthreads が見つかりません
collect2: error: ld returned 1 exit status
CMakeFiles/cmTC_1e23a.dir/build.make:97: recipe for target 'cmTC_1e23a' failed
make[1]: *** [cmTC_1e23a] Error 1
make[1]: ディレクトリ '/home/mech-user/jisyupro_ws/build/catkin_tools_prebuild/CMakeFiles/CMakeTmp' から出ます
Makefile:126: recipe for target 'cmTC_1e23a/fast' failed
make: *** [cmTC_1e23a/fast] Error 2


