Determining if the pthread_create exist failed with the following output:
Change Dir: /home/mech-user/jisyupro_ws/build/curling/CMakeFiles/CMakeTmp

Run Build Command:"/usr/bin/make" "cmTC_aa90d/fast"
/usr/bin/make -f CMakeFiles/cmTC_aa90d.dir/build.make CMakeFiles/cmTC_aa90d.dir/build
make[1]: ディレクトリ '/home/mech-user/jisyupro_ws/build/curling/CMakeFiles/CMakeTmp' に入ります
Building C object CMakeFiles/cmTC_aa90d.dir/CheckSymbolExists.c.o
/usr/bin/cc    -o CMakeFiles/cmTC_aa90d.dir/CheckSymbolExists.c.o   -c /home/mech-user/jisyupro_ws/build/curling/CMakeFiles/CMakeTmp/CheckSymbolExists.c
Linking C executable cmTC_aa90d
/usr/bin/cmake -E cmake_link_script CMakeFiles/cmTC_aa90d.dir/link.txt --verbose=1
/usr/bin/cc      -rdynamic CMakeFiles/cmTC_aa90d.dir/CheckSymbolExists.c.o  -o cmTC_aa90d 
CMakeFiles/cmTC_aa90d.dir/CheckSymbolExists.c.o: 関数 `main' 内:
CheckSymbolExists.c:(.text+0x1b): `pthread_create' に対する定義されていない参照です
collect2: error: ld returned 1 exit status
CMakeFiles/cmTC_aa90d.dir/build.make:97: recipe for target 'cmTC_aa90d' failed
make[1]: *** [cmTC_aa90d] Error 1
make[1]: ディレクトリ '/home/mech-user/jisyupro_ws/build/curling/CMakeFiles/CMakeTmp' から出ます
Makefile:126: recipe for target 'cmTC_aa90d/fast' failed
make: *** [cmTC_aa90d/fast] Error 2

File /home/mech-user/jisyupro_ws/build/curling/CMakeFiles/CMakeTmp/CheckSymbolExists.c:
/* */
#include <pthread.h>

int main(int argc, char** argv)
{
  (void)argv;
#ifndef pthread_create
  return ((int*)(&pthread_create))[argc];
#else
  (void)argc;
  return 0;
#endif
}

Determining if the function pthread_create exists in the pthreads failed with the following output:
Change Dir: /home/mech-user/jisyupro_ws/build/curling/CMakeFiles/CMakeTmp

Run Build Command:"/usr/bin/make" "cmTC_3560c/fast"
/usr/bin/make -f CMakeFiles/cmTC_3560c.dir/build.make CMakeFiles/cmTC_3560c.dir/build
make[1]: ディレクトリ '/home/mech-user/jisyupro_ws/build/curling/CMakeFiles/CMakeTmp' に入ります
Building C object CMakeFiles/cmTC_3560c.dir/CheckFunctionExists.c.o
/usr/bin/cc   -DCHECK_FUNCTION_EXISTS=pthread_create   -o CMakeFiles/cmTC_3560c.dir/CheckFunctionExists.c.o   -c /usr/share/cmake-3.10/Modules/CheckFunctionExists.c
Linking C executable cmTC_3560c
/usr/bin/cmake -E cmake_link_script CMakeFiles/cmTC_3560c.dir/link.txt --verbose=1
/usr/bin/cc  -DCHECK_FUNCTION_EXISTS=pthread_create    -rdynamic CMakeFiles/cmTC_3560c.dir/CheckFunctionExists.c.o  -o cmTC_3560c -lpthreads 
/usr/bin/ld: -lpthreads が見つかりません
collect2: error: ld returned 1 exit status
CMakeFiles/cmTC_3560c.dir/build.make:97: recipe for target 'cmTC_3560c' failed
make[1]: *** [cmTC_3560c] Error 1
make[1]: ディレクトリ '/home/mech-user/jisyupro_ws/build/curling/CMakeFiles/CMakeTmp' から出ます
Makefile:126: recipe for target 'cmTC_3560c/fast' failed
make: *** [cmTC_3560c/fast] Error 2


